TN:
SF:apps/web/src/app/components/contact-form/contact-form.component.ts
FN:49,(anonymous_0)
FN:55,(anonymous_1)
FNF:2
FNH:2
FNDA:5,(anonymous_0)
FNDA:1,(anonymous_1)
DA:45,1
DA:46,5
DA:47,5
DA:50,5
DA:51,5
DA:52,5
DA:56,1
DA:58,1
DA:59,1
DA:60,1
DA:62,0
DA:63,0
LF:12
LH:10
BRF:0
BRH:0
end_of_record
TN:
SF:apps/web/src/app/components/footer/footer.component.ts
FN:26,(anonymous_0)
FN:31,(anonymous_1)
FN:33,(anonymous_2)
FN:46,(anonymous_3)
FNF:4
FNH:4
FNDA:6,(anonymous_0)
FNDA:6,(anonymous_1)
FNDA:1,(anonymous_2)
FNDA:1,(anonymous_3)
DA:20,1
DA:27,6
DA:28,6
DA:32,6
DA:34,1
DA:35,1
DA:36,1
DA:37,1
DA:43,6
DA:47,1
DA:50,1
DA:51,1
DA:52,1
LF:13
LH:13
BRDA:35,0,0,1
BRDA:50,1,0,1
BRF:2
BRH:2
end_of_record
TN:
SF:apps/web/src/app/components/project-list/project-list.component.ts
FN:62,(anonymous_0)
FN:67,(anonymous_1)
FN:73,(anonymous_2)
FN:75,(anonymous_3)
FNF:4
FNH:1
FNDA:1,(anonymous_0)
FNDA:0,(anonymous_1)
FNDA:0,(anonymous_2)
FNDA:0,(anonymous_3)
DA:25,1
DA:26,1
DA:63,1
DA:64,1
DA:65,1
DA:69,0
DA:73,0
DA:76,0
DA:77,0
DA:82,0
LF:10
LH:5
BRDA:76,0,0,0
BRDA:76,0,1,0
BRF:2
BRH:0
end_of_record
TN:
SF:apps/web/src/app/components/project-list/modals/project-detail-dialog/project-detail-dialog.component.ts
FN:25,(anonymous_0)
FN:30,(anonymous_1)
FN:33,(anonymous_2)
FN:37,(anonymous_3)
FN:44,(anonymous_4)
FNF:5
FNH:5
FNDA:8,(anonymous_0)
FNDA:16,(anonymous_1)
FNDA:1,(anonymous_2)
FNDA:2,(anonymous_3)
FNDA:2,(anonymous_4)
DA:22,1
DA:23,8
DA:27,8
DA:28,8
DA:30,16
DA:34,1
DA:38,2
DA:39,1
DA:40,1
DA:45,2
DA:46,1
DA:47,1
LF:12
LH:12
BRDA:38,0,0,1
BRDA:45,1,0,1
BRF:2
BRH:2
end_of_record
TN:
SF:apps/web/src/app/components/project-list/modals/project-detail-sheet/project-detail-sheet.component.ts
FN:28,(anonymous_0)
FN:33,(anonymous_1)
FN:36,(anonymous_2)
FN:40,(anonymous_3)
FN:47,(anonymous_4)
FNF:5
FNH:5
FNDA:8,(anonymous_0)
FNDA:16,(anonymous_1)
FNDA:1,(anonymous_2)
FNDA:2,(anonymous_3)
FNDA:2,(anonymous_4)
DA:25,1
DA:26,8
DA:30,8
DA:31,8
DA:33,16
DA:37,1
DA:41,2
DA:42,1
DA:43,1
DA:48,2
DA:49,1
DA:50,1
LF:12
LH:12
BRDA:41,0,0,1
BRDA:48,1,0,1
BRF:2
BRH:2
end_of_record
TN:
SF:apps/web/src/app/components/project-list/modals/shared/project-tracker/project-tracker.component.ts
FN:10,(anonymous_0)
FN:17,(anonymous_1)
FN:21,(anonymous_2)
FNF:3
FNH:3
FNDA:23,(anonymous_0)
FNDA:1,(anonymous_1)
FNDA:1,(anonymous_2)
DA:10,1
DA:11,23
DA:12,23
DA:14,23
DA:15,23
DA:18,1
DA:22,1
LF:7
LH:7
BRDA:18,0,0,1
BRDA:22,1,0,1
BRF:2
BRH:2
end_of_record
TN:
SF:apps/web/src/app/components/project-list/project-item/project-item.component.ts
FN:12,(anonymous_0)
FNF:1
FNH:1
FNDA:4,(anonymous_0)
DA:12,1
DA:16,4
LF:2
LH:2
BRF:0
BRH:0
end_of_record
TN:
SF:apps/web/src/app/components/social-buttons/social-buttons.component.ts
FNF:0
FNH:0
DA:12,1
LF:1
LH:1
BRF:0
BRH:0
end_of_record
TN:
SF:apps/web/src/app/components/title/title.component.ts
FN:27,(anonymous_0)
FN:29,(anonymous_1)
FNF:2
FNH:2
FNDA:2,(anonymous_0)
FNDA:2,(anonymous_1)
DA:23,1
DA:25,2
DA:27,2
DA:30,2
DA:32,2
LF:5
LH:5
BRF:0
BRH:0
end_of_record
TN:
SF:apps/web/src/app/components/work-history-list/work-history-list.component.ts
FN:18,(anonymous_0)
FN:20,(anonymous_1)
FNF:2
FNH:2
FNDA:2,(anonymous_0)
FNDA:1,(anonymous_1)
DA:14,1
DA:16,2
DA:18,2
DA:21,1
DA:22,1
LF:5
LH:5
BRF:0
BRH:0
end_of_record
TN:
SF:apps/web/src/app/components/work-history-list/work-history-item/work-history-item.component.ts
FN:33,(anonymous_0)
FN:37,(anonymous_1)
FNF:2
FNH:2
FNDA:6,(anonymous_0)
FNDA:2,(anonymous_1)
DA:33,1
DA:35,6
DA:38,2
LF:3
LH:3
BRF:0
BRH:0
end_of_record
TN:
SF:apps/web/src/app/pages/landing.page/landing.page.component.ts
FN:26,(anonymous_0)
FN:28,(anonymous_1)
FN:31,(anonymous_2)
FNF:3
FNH:3
FNDA:2,(anonymous_0)
FNDA:2,(anonymous_1)
FNDA:2,(anonymous_2)
DA:23,1
DA:24,2
DA:26,2
DA:29,2
DA:31,2
LF:5
LH:5
BRF:0
BRH:0
end_of_record
TN:
SF:apps/web/src/app/services/data/employment-status.service.ts
FN:26,(anonymous_0)
FN:34,(anonymous_1)
FN:42,(anonymous_2)
FNF:3
FNH:3
FNDA:3,(anonymous_0)
FNDA:3,(anonymous_1)
FNDA:2,(anonymous_2)
DA:20,1
DA:21,3
DA:26,3
DA:36,3
DA:40,3
DA:42,2
DA:43,1
DA:49,3
LF:8
LH:8
BRDA:40,0,0,1
BRF:1
BRH:1
end_of_record
TN:
SF:apps/web/src/app/services/data/feature-flag.service.ts
FN:24,(anonymous_0)
FN:36,(anonymous_1)
FN:42,(anonymous_2)
FN:52,(anonymous_3)
FN:58,(anonymous_4)
FNF:5
FNH:1
FNDA:1,(anonymous_0)
FNDA:0,(anonymous_1)
FNDA:0,(anonymous_2)
FNDA:0,(anonymous_3)
FNDA:0,(anonymous_4)
DA:9,1
DA:14,1
DA:25,1
DA:27,1
DA:37,0
DA:38,0
DA:41,0
DA:42,0
DA:53,0
DA:54,0
DA:57,0
DA:58,0
LF:12
LH:4
BRDA:14,0,0,1
BRDA:14,0,1,0
BRDA:37,1,0,0
BRDA:53,2,0,0
BRF:4
BRH:1
end_of_record
TN:
SF:apps/web/src/app/services/data/firestore.service.ts
FN:18,(anonymous_0)
FN:34,(anonymous_2)
FN:47,(anonymous_3)
FN:62,(anonymous_4)
FN:68,(anonymous_5)
FN:81,(anonymous_6)
FN:89,(anonymous_7)
FNF:7
FNH:0
FNDA:0,(anonymous_0)
FNDA:0,(anonymous_2)
FNDA:0,(anonymous_3)
FNDA:0,(anonymous_4)
FNDA:0,(anonymous_5)
FNDA:0,(anonymous_6)
FNDA:0,(anonymous_7)
DA:18,1
DA:19,0
DA:28,0
DA:32,0
DA:33,0
DA:34,0
DA:48,0
DA:52,0
DA:53,0
DA:63,0
DA:67,0
DA:68,0
DA:86,0
DA:87,0
DA:88,0
DA:89,0
LF:16
LH:1
BRF:0
BRH:0
end_of_record
TN:
SF:apps/web/src/app/services/data/portfolio-message.service.ts
FN:22,(anonymous_0)
FN:30,(anonymous_1)
FNF:2
FNH:2
FNDA:3,(anonymous_0)
FNDA:2,(anonymous_1)
DA:16,1
DA:17,3
DA:22,3
DA:31,2
DA:35,2
LF:5
LH:5
BRF:0
BRH:0
end_of_record
TN:
SF:apps/web/src/app/services/data/work-experience.service.ts
FN:37,(anonymous_0)
FN:44,(anonymous_1)
FNF:2
FNH:2
FNDA:3,(anonymous_0)
FNDA:2,(anonymous_1)
DA:31,1
DA:32,3
DA:37,3
DA:45,2
LF:4
LH:4
BRF:0
BRH:0
end_of_record
TN:
SF:apps/web/src/app/services/form/contact-form.service.ts
FN:32,(anonymous_0)
FN:47,(anonymous_1)
FN:64,(anonymous_2)
FN:68,(anonymous_3)
FNF:4
FNH:4
FNDA:10,(anonymous_0)
FNDA:3,(anonymous_1)
FNDA:1,(anonymous_2)
FNDA:4,(anonymous_3)
DA:18,1
DA:32,10
DA:33,10
DA:48,3
DA:49,1
DA:50,1
DA:52,2
DA:65,1
DA:66,1
DA:68,1
DA:69,4
LF:11
LH:11
BRDA:48,0,0,1
BRF:1
BRH:1
end_of_record
TN:
SF:apps/web/src/app/tokens/environment.token.ts
FN:7,(anonymous_0)
FNF:1
FNH:1
FNDA:1,(anonymous_0)
DA:5,1
DA:7,1
LF:2
LH:2
BRF:0
BRH:0
end_of_record
TN:
SF:apps/web/src/environments/environment.ts
FNF:0
FNH:0
DA:3,1
LF:1
LH:1
BRF:0
BRH:0
end_of_record
