{
  "/Users/mike/Documents/github.io/apps/functions/src/services/sendToSlack.ts": {
    "path": "/Users/mike/Documents/github.io/apps/functions/src/services/sendToSlack.ts",
    "statementMap": {
      "0": {
        "start": { "line": 1, "column": 0 },
        "end": { "line": 1, "column": 57 }
      },
      "1": {
        "start": { "line": 4, "column": 0 },
        "end": { "line": 4, "column": 31 }
      },
      "2": {
        "start": { "line": 9, "column": 13 },
        "end": { "line": 9, "column": 61 }
      },
      "3": {
        "start": { "line": 14, "column": 13 },
        "end": { "line": 14, "column": 63 }
      },
      "4": {
        "start": { "line": 22, "column": 32 },
        "end": { "line": 84, "column": 1 }
      },
      "5": {
        "start": { "line": 25, "column": 14 },
        "end": { "line": 25, "column": 24 }
      },
      "6": {
        "start": { "line": 27, "column": 2 },
        "end": { "line": 30, "column": null }
      },
      "7": {
        "start": { "line": 28, "column": 4 },
        "end": { "line": 28, "column": 45 }
      },
      "8": {
        "start": { "line": 29, "column": 4 },
        "end": { "line": 29, "column": 11 }
      },
      "9": {
        "start": { "line": 32, "column": 15 },
        "end": { "line": 32, "column": null }
      },
      "10": {
        "start": { "line": 38, "column": 16 },
        "end": { "line": 38, "column": 37 }
      },
      "11": {
        "start": { "line": 39, "column": 18 },
        "end": { "line": 39, "column": 40 }
      },
      "12": {
        "start": { "line": 41, "column": 18 },
        "end": { "line": 62, "column": 4 }
      },
      "13": {
        "start": { "line": 64, "column": 2 },
        "end": { "line": 83, "column": null }
      },
      "14": {
        "start": { "line": 65, "column": 16 },
        "end": { "line": 72, "column": 6 }
      },
      "15": {
        "start": { "line": 74, "column": 20 },
        "end": { "line": 74, "column": 36 }
      },
      "16": {
        "start": { "line": 76, "column": 4 },
        "end": { "line": 78, "column": null }
      },
      "17": {
        "start": { "line": 77, "column": 6 },
        "end": { "line": 77, "column": 58 }
      },
      "18": {
        "start": { "line": 80, "column": 4 },
        "end": { "line": 80, "column": 54 }
      },
      "19": {
        "start": { "line": 82, "column": 4 },
        "end": { "line": 82, "column": 58 }
      },
      "20": {
        "start": { "line": 22, "column": 13 },
        "end": { "line": 22, "column": 32 }
      }
    },
    "fnMap": {
      "0": {
        "name": "(anonymous_1)",
        "decl": {
          "start": { "line": 22, "column": 32 },
          "end": { "line": 22, "column": 37 }
        },
        "loc": {
          "start": { "line": 24, "column": 19 },
          "end": { "line": 84, "column": 1 }
        }
      }
    },
    "branchMap": {
      "0": {
        "loc": {
          "start": { "line": 27, "column": 2 },
          "end": { "line": 30, "column": null }
        },
        "type": "if",
        "locations": [
          {
            "start": { "line": 27, "column": 2 },
            "end": { "line": 30, "column": null }
          }
        ]
      },
      "1": {
        "loc": {
          "start": { "line": 76, "column": 4 },
          "end": { "line": 78, "column": null }
        },
        "type": "if",
        "locations": [
          {
            "start": { "line": 76, "column": 4 },
            "end": { "line": 78, "column": null }
          }
        ]
      }
    },
    "s": {
      "0": 1,
      "1": 1,
      "2": 1,
      "3": 1,
      "4": 1,
      "5": 3,
      "6": 3,
      "7": 1,
      "8": 1,
      "9": 2,
      "10": 2,
      "11": 2,
      "12": 2,
      "13": 2,
      "14": 2,
      "15": 2,
      "16": 2,
      "17": 1,
      "18": 1,
      "19": 1,
      "20": 1
    },
    "f": { "0": 3 },
    "b": { "0": [1], "1": [1] }
  }
}
